 * Serving Flask app 'app.py'
 * Debug mode: off
[31m[1mWARNING: This is a development server. Do not use it in a production deployment. Use a production WSGI server instead.[0m
 * Running on http://127.0.0.1:5000
[33mPress CTRL+C to quit[0m
[2026-03-01 09:34:29,381] ERROR in app: Exception on / [GET]
Traceback (most recent call last):
  File "/home/jules/.pyenv/versions/3.12.12/lib/python3.12/site-packages/sqlalchemy/engine/base.py", line 1967, in _exec_single_context
    self.dialect.do_execute(
  File "/home/jules/.pyenv/versions/3.12.12/lib/python3.12/site-packages/sqlalchemy/engine/default.py", line 952, in do_execute
    cursor.execute(statement, parameters)
sqlite3.OperationalError: no such table: testimonial

The above exception was the direct cause of the following exception:

Traceback (most recent call last):
  File "/home/jules/.pyenv/versions/3.12.12/lib/python3.12/site-packages/flask/app.py", line 1511, in wsgi_app
    response = self.full_dispatch_request()
               ^^^^^^^^^^^^^^^^^^^^^^^^^^^^
  File "/home/jules/.pyenv/versions/3.12.12/lib/python3.12/site-packages/flask/app.py", line 919, in full_dispatch_request
    rv = self.handle_user_exception(e)
         ^^^^^^^^^^^^^^^^^^^^^^^^^^^^^
  File "/home/jules/.pyenv/versions/3.12.12/lib/python3.12/site-packages/flask/app.py", line 917, in full_dispatch_request
    rv = self.dispatch_request()
         ^^^^^^^^^^^^^^^^^^^^^^^
  File "/home/jules/.pyenv/versions/3.12.12/lib/python3.12/site-packages/flask/app.py", line 902, in dispatch_request
    return self.ensure_sync(self.view_functions[rule.endpoint])(**view_args)  # type: ignore[no-any-return]
           ^^^^^^^^^^^^^^^^^^^^^^^^^^^^^^^^^^^^^^^^^^^^^^^^^^^^^^^^^^^^^^^^^
  File "/app/routes/public/navigation.py", line 10, in index
    featured_test = Testimonial.query.filter_by(is_featured=True).first()
                    ^^^^^^^^^^^^^^^^^^^^^^^^^^^^^^^^^^^^^^^^^^^^^^^^^^^^^
  File "/home/jules/.pyenv/versions/3.12.12/lib/python3.12/site-packages/sqlalchemy/orm/query.py", line 2759, in first
    return self.limit(1)._iter().first()  # type: ignore
           ^^^^^^^^^^^^^^^^^^^^^
  File "/home/jules/.pyenv/versions/3.12.12/lib/python3.12/site-packages/sqlalchemy/orm/query.py", line 2857, in _iter
    result: Union[ScalarResult[_T], Result[_T]] = self.session.execute(
                                                  ^^^^^^^^^^^^^^^^^^^^^
  File "/home/jules/.pyenv/versions/3.12.12/lib/python3.12/site-packages/sqlalchemy/orm/session.py", line 2351, in execute
    return self._execute_internal(
           ^^^^^^^^^^^^^^^^^^^^^^^
  File "/home/jules/.pyenv/versions/3.12.12/lib/python3.12/site-packages/sqlalchemy/orm/session.py", line 2249, in _execute_internal
    result: Result[Any] = compile_state_cls.orm_execute_statement(
                          ^^^^^^^^^^^^^^^^^^^^^^^^^^^^^^^^^^^^^^^^
  File "/home/jules/.pyenv/versions/3.12.12/lib/python3.12/site-packages/sqlalchemy/orm/context.py", line 306, in orm_execute_statement
    result = conn.execute(
             ^^^^^^^^^^^^^
  File "/home/jules/.pyenv/versions/3.12.12/lib/python3.12/site-packages/sqlalchemy/engine/base.py", line 1419, in execute
    return meth(
           ^^^^^
  File "/home/jules/.pyenv/versions/3.12.12/lib/python3.12/site-packages/sqlalchemy/sql/elements.py", line 527, in _execute_on_connection
    return connection._execute_clauseelement(
           ^^^^^^^^^^^^^^^^^^^^^^^^^^^^^^^^^^
  File "/home/jules/.pyenv/versions/3.12.12/lib/python3.12/site-packages/sqlalchemy/engine/base.py", line 1641, in _execute_clauseelement
    ret = self._execute_context(
          ^^^^^^^^^^^^^^^^^^^^^^
  File "/home/jules/.pyenv/versions/3.12.12/lib/python3.12/site-packages/sqlalchemy/engine/base.py", line 1846, in _execute_context
    return self._exec_single_context(
           ^^^^^^^^^^^^^^^^^^^^^^^^^^
  File "/home/jules/.pyenv/versions/3.12.12/lib/python3.12/site-packages/sqlalchemy/engine/base.py", line 1986, in _exec_single_context
    self._handle_dbapi_exception(
  File "/home/jules/.pyenv/versions/3.12.12/lib/python3.12/site-packages/sqlalchemy/engine/base.py", line 2363, in _handle_dbapi_exception
    raise sqlalchemy_exception.with_traceback(exc_info[2]) from e
  File "/home/jules/.pyenv/versions/3.12.12/lib/python3.12/site-packages/sqlalchemy/engine/base.py", line 1967, in _exec_single_context
    self.dialect.do_execute(
  File "/home/jules/.pyenv/versions/3.12.12/lib/python3.12/site-packages/sqlalchemy/engine/default.py", line 952, in do_execute
    cursor.execute(statement, parameters)
sqlalchemy.exc.OperationalError: (sqlite3.OperationalError) no such table: testimonial
[SQL: SELECT testimonial.id AS testimonial_id, testimonial.author_name AS testimonial_author_name, testimonial.author_title AS testimonial_author_title, testimonial.content AS testimonial_content, testimonial.is_featured AS testimonial_is_featured, testimonial.created_at AS testimonial_created_at
FROM testimonial
WHERE testimonial.is_featured = 1
 LIMIT ? OFFSET ?]
[parameters: (1, 0)]
(Background on this error at: https://sqlalche.me/e/20/e3q8)
[2026-03-01 09:34:29,406] ERROR in app: Database Error in inject_settings: (sqlite3.OperationalError) no such table: site_settings
[SQL: SELECT site_settings.id AS site_settings_id, site_settings.site_title AS site_settings_site_title, site_settings.meta_description AS site_settings_meta_description, site_settings.contact_email AS site_settings_contact_email, site_settings.phone AS site_settings_phone, site_settings.address AS site_settings_address, site_settings.header_logo AS site_settings_header_logo, site_settings.footer_logo AS site_settings_footer_logo, site_settings.favicon AS site_settings_favicon, site_settings.custom_head_code AS site_settings_custom_head_code, site_settings.telegram_bot_token AS site_settings_telegram_bot_token, site_settings.telegram_chat_id AS site_settings_telegram_chat_id, site_settings.notify_on_visit AS site_settings_notify_on_visit, site_settings.last_telegram_greeting_date AS site_settings_last_telegram_greeting_date, site_settings.linkedin_url AS site_settings_linkedin_url, site_settings.twitter_url AS site_settings_twitter_url, site_settings.facebook_url AS site_settings_facebook_url, site_settings.map_latitude AS site_settings_map_latitude, site_settings.map_longitude AS site_settings_map_longitude, site_settings.privacy_policy AS site_settings_privacy_policy, site_settings.terms_conditions AS site_settings_terms_conditions
FROM site_settings
 LIMIT ? OFFSET ?]
[parameters: (1, 0)]
(Background on this error at: https://sqlalche.me/e/20/e3q8)
127.0.0.1 - - [01/Mar/2026 09:34:29] "[35m[1mGET / HTTP/1.1[0m" 500 -
127.0.0.1 - - [01/Mar/2026 09:34:29] "GET /statics/css/style.css HTTP/1.1" 200 -
127.0.0.1 - - [01/Mar/2026 09:34:29] "GET /statics/js/script.js HTTP/1.1" 200 -
[2026-03-01 09:35:08,716] ERROR in app: Exception on / [HEAD]
Traceback (most recent call last):
  File "/home/jules/.pyenv/versions/3.12.12/lib/python3.12/site-packages/sqlalchemy/engine/base.py", line 1967, in _exec_single_context
    self.dialect.do_execute(
  File "/home/jules/.pyenv/versions/3.12.12/lib/python3.12/site-packages/sqlalchemy/engine/default.py", line 952, in do_execute
    cursor.execute(statement, parameters)
sqlite3.OperationalError: no such table: testimonial

The above exception was the direct cause of the following exception:

Traceback (most recent call last):
  File "/home/jules/.pyenv/versions/3.12.12/lib/python3.12/site-packages/flask/app.py", line 1511, in wsgi_app
    response = self.full_dispatch_request()
               ^^^^^^^^^^^^^^^^^^^^^^^^^^^^
  File "/home/jules/.pyenv/versions/3.12.12/lib/python3.12/site-packages/flask/app.py", line 919, in full_dispatch_request
    rv = self.handle_user_exception(e)
         ^^^^^^^^^^^^^^^^^^^^^^^^^^^^^
  File "/home/jules/.pyenv/versions/3.12.12/lib/python3.12/site-packages/flask/app.py", line 917, in full_dispatch_request
    rv = self.dispatch_request()
         ^^^^^^^^^^^^^^^^^^^^^^^
  File "/home/jules/.pyenv/versions/3.12.12/lib/python3.12/site-packages/flask/app.py", line 902, in dispatch_request
    return self.ensure_sync(self.view_functions[rule.endpoint])(**view_args)  # type: ignore[no-any-return]
           ^^^^^^^^^^^^^^^^^^^^^^^^^^^^^^^^^^^^^^^^^^^^^^^^^^^^^^^^^^^^^^^^^
  File "/app/routes/public/navigation.py", line 10, in index
    featured_test = Testimonial.query.filter_by(is_featured=True).first()
                    ^^^^^^^^^^^^^^^^^^^^^^^^^^^^^^^^^^^^^^^^^^^^^^^^^^^^^
  File "/home/jules/.pyenv/versions/3.12.12/lib/python3.12/site-packages/sqlalchemy/orm/query.py", line 2759, in first
    return self.limit(1)._iter().first()  # type: ignore
           ^^^^^^^^^^^^^^^^^^^^^
  File "/home/jules/.pyenv/versions/3.12.12/lib/python3.12/site-packages/sqlalchemy/orm/query.py", line 2857, in _iter
    result: Union[ScalarResult[_T], Result[_T]] = self.session.execute(
                                                  ^^^^^^^^^^^^^^^^^^^^^
  File "/home/jules/.pyenv/versions/3.12.12/lib/python3.12/site-packages/sqlalchemy/orm/session.py", line 2351, in execute
    return self._execute_internal(
           ^^^^^^^^^^^^^^^^^^^^^^^
  File "/home/jules/.pyenv/versions/3.12.12/lib/python3.12/site-packages/sqlalchemy/orm/session.py", line 2249, in _execute_internal
    result: Result[Any] = compile_state_cls.orm_execute_statement(
                          ^^^^^^^^^^^^^^^^^^^^^^^^^^^^^^^^^^^^^^^^
  File "/home/jules/.pyenv/versions/3.12.12/lib/python3.12/site-packages/sqlalchemy/orm/context.py", line 306, in orm_execute_statement
    result = conn.execute(
             ^^^^^^^^^^^^^
  File "/home/jules/.pyenv/versions/3.12.12/lib/python3.12/site-packages/sqlalchemy/engine/base.py", line 1419, in execute
    return meth(
           ^^^^^
  File "/home/jules/.pyenv/versions/3.12.12/lib/python3.12/site-packages/sqlalchemy/sql/elements.py", line 527, in _execute_on_connection
    return connection._execute_clauseelement(
           ^^^^^^^^^^^^^^^^^^^^^^^^^^^^^^^^^^
  File "/home/jules/.pyenv/versions/3.12.12/lib/python3.12/site-packages/sqlalchemy/engine/base.py", line 1641, in _execute_clauseelement
    ret = self._execute_context(
          ^^^^^^^^^^^^^^^^^^^^^^
  File "/home/jules/.pyenv/versions/3.12.12/lib/python3.12/site-packages/sqlalchemy/engine/base.py", line 1846, in _execute_context
    return self._exec_single_context(
           ^^^^^^^^^^^^^^^^^^^^^^^^^^
  File "/home/jules/.pyenv/versions/3.12.12/lib/python3.12/site-packages/sqlalchemy/engine/base.py", line 1986, in _exec_single_context
    self._handle_dbapi_exception(
  File "/home/jules/.pyenv/versions/3.12.12/lib/python3.12/site-packages/sqlalchemy/engine/base.py", line 2363, in _handle_dbapi_exception
    raise sqlalchemy_exception.with_traceback(exc_info[2]) from e
  File "/home/jules/.pyenv/versions/3.12.12/lib/python3.12/site-packages/sqlalchemy/engine/base.py", line 1967, in _exec_single_context
    self.dialect.do_execute(
  File "/home/jules/.pyenv/versions/3.12.12/lib/python3.12/site-packages/sqlalchemy/engine/default.py", line 952, in do_execute
    cursor.execute(statement, parameters)
sqlalchemy.exc.OperationalError: (sqlite3.OperationalError) no such table: testimonial
[SQL: SELECT testimonial.id AS testimonial_id, testimonial.author_name AS testimonial_author_name, testimonial.author_title AS testimonial_author_title, testimonial.content AS testimonial_content, testimonial.is_featured AS testimonial_is_featured, testimonial.created_at AS testimonial_created_at
FROM testimonial
WHERE testimonial.is_featured = 1
 LIMIT ? OFFSET ?]
[parameters: (1, 0)]
(Background on this error at: https://sqlalche.me/e/20/e3q8)
[2026-03-01 09:35:08,719] ERROR in app: Database Error in inject_settings: (sqlite3.OperationalError) no such table: site_settings
[SQL: SELECT site_settings.id AS site_settings_id, site_settings.site_title AS site_settings_site_title, site_settings.meta_description AS site_settings_meta_description, site_settings.contact_email AS site_settings_contact_email, site_settings.phone AS site_settings_phone, site_settings.address AS site_settings_address, site_settings.header_logo AS site_settings_header_logo, site_settings.footer_logo AS site_settings_footer_logo, site_settings.favicon AS site_settings_favicon, site_settings.custom_head_code AS site_settings_custom_head_code, site_settings.telegram_bot_token AS site_settings_telegram_bot_token, site_settings.telegram_chat_id AS site_settings_telegram_chat_id, site_settings.notify_on_visit AS site_settings_notify_on_visit, site_settings.last_telegram_greeting_date AS site_settings_last_telegram_greeting_date, site_settings.linkedin_url AS site_settings_linkedin_url, site_settings.twitter_url AS site_settings_twitter_url, site_settings.facebook_url AS site_settings_facebook_url, site_settings.map_latitude AS site_settings_map_latitude, site_settings.map_longitude AS site_settings_map_longitude, site_settings.privacy_policy AS site_settings_privacy_policy, site_settings.terms_conditions AS site_settings_terms_conditions
FROM site_settings
 LIMIT ? OFFSET ?]
[parameters: (1, 0)]
(Background on this error at: https://sqlalche.me/e/20/e3q8)
127.0.0.1 - - [01/Mar/2026 09:35:08] "[35m[1mHEAD / HTTP/1.1[0m" 500 -
127.0.0.1 - - [01/Mar/2026 09:35:34] "GET / HTTP/1.1" 200 -
127.0.0.1 - - [01/Mar/2026 09:35:34] "GET /statics/css/style.css HTTP/1.1" 200 -
127.0.0.1 - - [01/Mar/2026 09:35:34] "GET /statics/js/script.js HTTP/1.1" 200 -
127.0.0.1 - - [01/Mar/2026 09:35:46] "GET / HTTP/1.1" 200 -
127.0.0.1 - - [01/Mar/2026 09:35:46] "GET /statics/css/style.css HTTP/1.1" 200 -
127.0.0.1 - - [01/Mar/2026 09:35:46] "GET /statics/js/script.js HTTP/1.1" 200 -
